oga/build/intermediates/manifest_merge_blame_file/debug/manifest-merger-blame-debug-report.txt
1<?xml version="1.0" encoding="utf-8"?>
2<manifest xmlns:android="http://schemas.android.com/apk/res/android"
3    package="com.example.oga"
4    android:versionCode="1"
5    android:versionName="1.0" >
6
7    <uses-sdk
8        android:minSdkVersion="26"
8-->src/main/AndroidManifest.xml
9        android:targetSdkVersion="29" />
9-->src/main/AndroidManifest.xml
10
11    <uses-permission android:name="android.permission.ACCESS_WIFI_STATE" />
11-->src/main/AndroidManifest.xml:5:5-76
11-->src/main/AndroidManifest.xml:5:22-73
12    <uses-permission android:name="android.permission.CHANGE_WIFI_STATE" />
12-->src/main/AndroidManifest.xml:6:5-76
12-->src/main/AndroidManifest.xml:6:22-73
13    <uses-permission android:name="android.permission.INTERNET" />
13-->src/main/AndroidManifest.xml:7:5-67
13-->src/main/AndroidManifest.xml:7:22-64
14    <uses-permission android:name="android.permission.CAMERA" />
14-->src/main/AndroidManifest.xml:8:5-64
14-->src/main/AndroidManifest.xml:8:22-62
15    <uses-permission android:name="android.permission.ACCESS_FINE_LOCATION" />
15-->src/main/AndroidManifest.xml:9:5-79
15-->src/main/AndroidManifest.xml:9:22-76
16    <uses-permission android:name="android.permission.ACCESS_NETWORK_STATE" />
16-->src/main/AndroidManifest.xml:10:5-79
16-->src/main/AndroidManifest.xml:10:22-76
17    <uses-permission android:name="android.permission.WRITE_EXTERNAL_STORAGE" />
17-->src/main/AndroidManifest.xml:11:5-80
17-->src/main/AndroidManifest.xml:11:22-78
18    <uses-permission android:name="android.permission.BLUETOOTH" />
18-->src/main/AndroidManifest.xml:12:5-68
18-->src/main/AndroidManifest.xml:12:22-65
19
20    <uses-feature
20-->src/main/AndroidManifest.xml:14:5-16:35
21        android:name="android.hardware.camera"
21-->src/main/AndroidManifest.xml:15:9-47
22        android:required="true" />
22-->src/main/AndroidManifest.xml:16:9-32
23
24    <uses-permission android:name="android.permission.ACCESS_WIFI_STATE" />
24-->src/main/AndroidManifest.xml:5:5-76
24-->src/main/AndroidManifest.xml:5:22-73
25
26    <uses-feature
26-->[com.journeyapps:zxing-android-embedded:3.5.0] AndroidManifest.xml:27:5-29:36
27        android:name="android.hardware.camera.front"
27-->[com.journeyapps:zxing-android-embedded:3.5.0] AndroidManifest.xml:28:9-53
28        android:required="false" /> <!-- TODO replace above two with next line after Android 4.2 -->
28-->[com.journeyapps:zxing-android-embedded:3.5.0] AndroidManifest.xml:29:9-33
29    <!-- <uses-feature android:name="android.hardware.camera.any"/> -->
30    <uses-feature
30-->[com.journeyapps:zxing-android-embedded:3.5.0] AndroidManifest.xml:32:5-34:36
31        android:name="android.hardware.camera.autofocus"
31-->[com.journeyapps:zxing-android-embedded:3.5.0] AndroidManifest.xml:33:9-57
32        android:required="false" />
32-->[com.journeyapps:zxing-android-embedded:3.5.0] AndroidManifest.xml:34:9-33
33    <uses-feature
33-->[com.journeyapps:zxing-android-embedded:3.5.0] AndroidManifest.xml:35:5-37:36
34        android:name="android.hardware.camera.flash"
34-->[com.journeyapps:zxing-android-embedded:3.5.0] AndroidManifest.xml:36:9-53
35        android:required="false" />
35-->[com.journeyapps:zxing-android-embedded:3.5.0] AndroidManifest.xml:37:9-33
36    <uses-feature
36-->[com.journeyapps:zxing-android-embedded:3.5.0] AndroidManifest.xml:38:5-40:36
37        android:name="android.hardware.screen.landscape"
37-->[com.journeyapps:zxing-android-embedded:3.5.0] AndroidManifest.xml:39:9-57
38        android:required="false" />
38-->[com.journeyapps:zxing-android-embedded:3.5.0] AndroidManifest.xml:40:9-33
39    <uses-feature
39-->[com.journeyapps:zxing-android-embedded:3.5.0] AndroidManifest.xml:41:5-43:36
40        android:name="android.hardware.wifi"
40-->[com.journeyapps:zxing-android-embedded:3.5.0] AndroidManifest.xml:42:9-45
41        android:required="false" />
41-->[com.journeyapps:zxing-android-embedded:3.5.0] AndroidManifest.xml:43:9-33
42
43    <application
43-->src/main/AndroidManifest.xml:20:5-62:19
44        android:allowBackup="true"
44-->src/main/AndroidManifest.xml:21:9-35
45        android:appComponentFactory="androidx.core.app.CoreComponentFactory"
45-->[androidx.core:core:1.3.0-beta01] AndroidManifest.xml:24:18-86
46        android:debuggable="true"
47        android:extractNativeLibs="false"
48        android:icon="@mipmap/ic_launcher"
48-->src/main/AndroidManifest.xml:22:9-43
49        android:label="@string/app_name"
49-->src/main/AndroidManifest.xml:23:9-41
50        android:roundIcon="@mipmap/ic_launcher_round"
50-->src/main/AndroidManifest.xml:24:9-54
51        android:supportsRtl="true"
51-->src/main/AndroidManifest.xml:25:9-35
52        android:testOnly="true"
53        android:theme="@style/AppTheme" >
53-->src/main/AndroidManifest.xml:26:9-40
54        <activity
54-->src/main/AndroidManifest.xml:27:9-29:38
55            android:name="com.example.oga.Upload"
55-->src/main/AndroidManifest.xml:28:13-35
56            android:label="Upload" />
56-->src/main/AndroidManifest.xml:29:13-35
57        <activity
57-->src/main/AndroidManifest.xml:30:9-32:47
58            android:name="com.example.oga.LeakQuantifire"
58-->src/main/AndroidManifest.xml:31:13-43
59            android:label="Leak Quantifire" />
59-->src/main/AndroidManifest.xml:32:13-44
60        <activity
60-->src/main/AndroidManifest.xml:33:9-35:52
61            android:name="com.example.oga.Bluetooth"
61-->src/main/AndroidManifest.xml:34:13-38
62            android:label="Bluetooth Connection" />
62-->src/main/AndroidManifest.xml:35:13-49
63        <activity
63-->src/main/AndroidManifest.xml:36:9-38:43
64            android:name="com.example.oga.ConnectFtp"
64-->src/main/AndroidManifest.xml:37:13-39
65            android:label="Connect FTP" />
65-->src/main/AndroidManifest.xml:38:13-40
66        <activity
66-->src/main/AndroidManifest.xml:39:9-41:46
67            android:name="com.example.oga.VideoDownload"
67-->src/main/AndroidManifest.xml:40:13-42
68            android:label="Video Download" />
68-->src/main/AndroidManifest.xml:41:13-43
69        <activity android:name="com.example.oga.ScannerActivity" />
69-->src/main/AndroidManifest.xml:42:9-53
69-->src/main/AndroidManifest.xml:42:19-50
70        <activity
70-->src/main/AndroidManifest.xml:43:9-51:20
71            android:name="com.example.oga.MainActivity"
71-->src/main/AndroidManifest.xml:44:13-41
72            android:label="Component Info" >
72-->src/main/AndroidManifest.xml:45:13-43
73            <intent-filter>
73-->src/main/AndroidManifest.xml:46:13-50:29
74                <action android:name="android.intent.action.MAIN" />
74-->src/main/AndroidManifest.xml:47:17-69
74-->src/main/AndroidManifest.xml:47:25-66
75
76                <category android:name="android.intent.category.LAUNCHER" />
76-->src/main/AndroidManifest.xml:49:17-77
76-->src/main/AndroidManifest.xml:49:27-74
77            </intent-filter>
78        </activity>
79
80        <provider
80-->src/main/AndroidManifest.xml:53:9-61:20
81            android:name="androidx.core.content.FileProvider"
81-->src/main/AndroidManifest.xml:54:13-62
82            android:authorities="com.example.oga"
82-->src/main/AndroidManifest.xml:55:13-50
83            android:exported="false"
83-->src/main/AndroidManifest.xml:56:13-37
84            android:grantUriPermissions="true" >
84-->src/main/AndroidManifest.xml:57:13-47
85            <meta-data
85-->src/main/AndroidManifest.xml:58:13-60:54
86                android:name="android.support.FILE_PROVIDER_PATHS"
86-->src/main/AndroidManifest.xml:59:17-67
87                android:resource="@xml/file_paths" />
87-->src/main/AndroidManifest.xml:60:17-51
88        </provider>
89
90        <activity
90-->[com.karumi:dexter:6.0.2] AndroidManifest.xml:27:9-29:72
91            android:name="com.karumi.dexter.DexterActivity"
91-->[com.karumi:dexter:6.0.2] AndroidManifest.xml:28:13-60
92            android:theme="@style/Dexter.Internal.Theme.Transparent" />
92-->[com.karumi:dexter:6.0.2] AndroidManifest.xml:29:13-69
93        <activity
93-->[com.journeyapps:zxing-android-embedded:3.5.0] AndroidManifest.xml:46:9-52:63
94            android:name="com.journeyapps.barcodescanner.CaptureActivity"
94-->[com.journeyapps:zxing-android-embedded:3.5.0] AndroidManifest.xml:47:13-74
95            android:clearTaskOnLaunch="true"
95-->[com.journeyapps:zxing-android-embedded:3.5.0] AndroidManifest.xml:48:13-45
96            android:screenOrientation="sensorLandscape"
96-->[com.journeyapps:zxing-android-embedded:3.5.0] AndroidManifest.xml:49:13-56
97            android:stateNotNeeded="true"
97-->[com.journeyapps:zxing-android-embedded:3.5.0] AndroidManifest.xml:50:13-42
98            android:theme="@style/zxing_CaptureTheme"
98-->[com.journeyapps:zxing-android-embedded:3.5.0] AndroidManifest.xml:51:13-54
99            android:windowSoftInputMode="stateAlwaysHidden" />
99-->[com.journeyapps:zxing-android-embedded:3.5.0] AndroidManifest.xml:52:13-60
100        <activity
100-->[com.google.android.gms:play-services-base:17.0.0] AndroidManifest.xml:23:9-26:75
101            android:name="com.google.android.gms.common.api.GoogleApiActivity"
101-->[com.google.android.gms:play-services-base:17.0.0] AndroidManifest.xml:24:13-79
102            android:exported="false"
102-->[com.google.android.gms:play-services-base:17.0.0] AndroidManifest.xml:25:13-37
103            android:theme="@android:style/Theme.Translucent.NoTitleBar" />
103-->[com.google.android.gms:play-services-base:17.0.0] AndroidManifest.xml:26:13-72
104
105        <meta-data
105-->[com.google.android.gms:play-services-basement:17.0.0] AndroidManifest.xml:23:9-25:69
106            android:name="com.google.android.gms.version"
106-->[com.google.android.gms:play-services-basement:17.0.0] AndroidManifest.xml:24:13-58
107            android:value="@integer/google_play_services_version" />
107-->[com.google.android.gms:play-services-basement:17.0.0] AndroidManifest.xml:25:13-66
108    </application>
109
110</manifest>